Build started 5/22/2016 6:08:11 PM.
     1>Project "C:\Users\Hanie\Downloads\Graphics Project\numbersGame\numbersGame.vcxproj" on node 2 (Build target(s)).
     1>ClCompile:
         C:\Program Files (x86)\Microsoft Visual Studio 12.0\VC\bin\CL.exe /c /I"C:\Users\Hanie\Downloads\Graphics Project\packages\nupengl.core.0.1.0.1\build\native\../..//build/native/include/" /Zi /nologo /W3 /WX- /sdl /O2 /Oi /Oy- /GL /D WIN32 /D NDEBUG /D _CONSOLE /D _LIB /D _CRT_SECURE_NO_DEPRECATE /D _UNICODE /D UNICODE /Gm- /EHsc /MD /GS /Gy /fp:precise /Zc:wchar_t /Zc:forScope /Yu"stdafx.h" /Fp"Release\numbersGame.pch" /Fo"Release\\" /Fd"Release\vc120.pdb" /Gd /TP /analyze- /errorReport:prompt numbersGame.cpp
         numbersGame.cpp
     1>numbersGame.cpp(82): warning C4018: '<' : signed/unsigned mismatch
     1>numbersGame.cpp(93): warning C4018: '<' : signed/unsigned mismatch
     1>numbersGame.cpp(113): warning C4305: 'argument' : truncation from 'double' to 'GLclampf'
     1>numbersGame.cpp(146): warning C4101: 'c' : unreferenced local variable
     1>numbersGame.cpp(200): warning C4305: 'argument' : truncation from 'double' to 'GLfloat'
     1>numbersGame.cpp(205): warning C4305: 'argument' : truncation from 'double' to 'GLfloat'
     1>numbersGame.cpp(206): warning C4018: '<' : signed/unsigned mismatch
     1>numbersGame.cpp(209): warning C4305: 'argument' : truncation from 'double' to 'GLfloat'
     1>numbersGame.cpp(210): warning C4018: '<' : signed/unsigned mismatch
     1>numbersGame.cpp(215): warning C4018: '<' : signed/unsigned mismatch
     1>numbersGame.cpp(217): warning C4244: 'argument' : conversion from 'float' to 'int', possible loss of data
     1>numbersGame.cpp(219): warning C4244: 'argument' : conversion from 'float' to 'int', possible loss of data
     1>numbersGame.cpp(223): warning C4305: 'argument' : truncation from 'double' to 'GLfloat'
     1>numbersGame.cpp(224): warning C4018: '<' : signed/unsigned mismatch
     1>numbersGame.cpp(229): warning C4244: 'argument' : conversion from 'int' to 'GLfloat', possible loss of data
     1>numbersGame.cpp(238): warning C4244: 'argument' : conversion from 'int' to 'GLfloat', possible loss of data
     1>numbersGame.cpp(249): warning C4244: 'argument' : conversion from 'int' to 'GLfloat', possible loss of data
     1>numbersGame.cpp(258): warning C4244: 'argument' : conversion from 'int' to 'GLfloat', possible loss of data
     1>numbersGame.cpp(301): warning C4244: 'argument' : conversion from 'double' to 'int', possible loss of data
     1>numbersGame.cpp(304): warning C4244: 'argument' : conversion from 'double' to 'int', possible loss of data
     1>numbersGame.cpp(310): warning C4244: 'argument' : conversion from 'double' to 'int', possible loss of data
     1>numbersGame.cpp(311): warning C4244: 'argument' : conversion from 'double' to 'int', possible loss of data
     1>numbersGame.cpp(326): warning C4244: 'argument' : conversion from 'double' to 'int', possible loss of data
     1>numbersGame.cpp(327): warning C4244: 'argument' : conversion from 'double' to 'int', possible loss of data
     1>numbersGame.cpp(333): warning C4244: 'argument' : conversion from 'double' to 'int', possible loss of data
     1>numbersGame.cpp(336): warning C4244: 'argument' : conversion from 'double' to 'int', possible loss of data
     1>numbersGame.cpp(469): warning C4018: '<' : signed/unsigned mismatch
     1>numbersGame.cpp(475): warning C4005: 'IN' : macro redefinition
                 C:\Program Files (x86)\Windows Kits\8.1\Include\shared\minwindef.h(79) : see previous definition of 'IN'
     1>numbersGame.cpp(476): warning C4005: 'OUT' : macro redefinition
                 C:\Program Files (x86)\Windows Kits\8.1\Include\shared\minwindef.h(83) : see previous definition of 'OUT'
     1>numbersGame.cpp(510): warning C4244: 'argument' : conversion from 'float' to 'int', possible loss of data
     1>numbersGame.cpp(521): warning C4244: 'argument' : conversion from 'float' to 'int', possible loss of data
     1>numbersGame.cpp(522): warning C4018: '<' : signed/unsigned mismatch
     1>numbersGame.cpp(529): warning C4018: '<' : signed/unsigned mismatch
     1>numbersGame.cpp(543): warning C4018: '<' : signed/unsigned mismatch
     1>numbersGame.cpp(586): warning C4244: 'argument' : conversion from 'float' to 'int', possible loss of data
     1>numbersGame.cpp(588): warning C4018: '<' : signed/unsigned mismatch
     1>numbersGame.cpp(594): warning C4244: 'argument' : conversion from 'int' to 'float', possible loss of data
     1>numbersGame.cpp(595): warning C4244: 'argument' : conversion from 'int' to 'float', possible loss of data
     1>numbersGame.cpp(637): warning C4018: '<' : signed/unsigned mismatch
     1>numbersGame.cpp(639): warning C4244: 'argument' : conversion from 'int' to 'float', possible loss of data
     1>numbersGame.cpp(641): warning C4244: 'argument' : conversion from 'int' to 'float', possible loss of data
     1>numbersGame.cpp(645): warning C4244: 'argument' : conversion from 'int' to 'float', possible loss of data
     1>numbersGame.cpp(647): warning C4244: 'argument' : conversion from 'int' to 'float', possible loss of data
     1>numbersGame.cpp(651): warning C4244: 'argument' : conversion from 'int' to 'float', possible loss of data
     1>numbersGame.cpp(652): warning C4244: 'argument' : conversion from 'int' to 'float', possible loss of data
     1>numbersGame.cpp(664): warning C4244: 'argument' : conversion from 'int' to 'float', possible loss of data
       Link:
         C:\Program Files (x86)\Microsoft Visual Studio 12.0\VC\bin\link.exe /ERRORREPORT:PROMPT /OUT:"C:\Users\Hanie\Downloads\Graphics Project\Release\numbersGame.exe" /INCREMENTAL:NO /NOLOGO "C:\Users\Hanie\Downloads\Graphics Project\packages\nupengl.core.0.1.0.1\build\native\../..//build/native/lib/Win32\glew32.lib" "C:\Users\Hanie\Downloads\Graphics Project\packages\nupengl.core.0.1.0.1\build\native\../..//build/native/lib/Win32\glfw3dll.lib" "C:\Users\Hanie\Downloads\Graphics Project\packages\nupengl.core.0.1.0.1\build\native\../..//build/native/lib/Win32\freeglut.lib" kernel32.lib user32.lib gdi32.lib winspool.lib comdlg32.lib advapi32.lib shell32.lib ole32.lib oleaut32.lib uuid.lib odbc32.lib odbccp32.lib /MANIFEST /MANIFESTUAC:"level='asInvoker' uiAccess='false'" /manifest:embed /DEBUG /PDB:"C:\Users\Hanie\Downloads\Graphics Project\Release\numbersGame.pdb" /SUBSYSTEM:CONSOLE /OPT:REF /OPT:ICF /LTCG /TLBID:1 /DYNAMICBASE /NXCOMPAT /IMPLIB:"C:\Users\Hanie\Downloads\Graphics Project\Release\numbersGame.lib" /MACHINE:X86 /SAFESEH Release\image.obj
         Release\MainMenu.obj
         Release\numbersGame.obj
         Release\stdafx.obj
         Generating code
         Finished generating code
         numbersGame.vcxproj -> C:\Users\Hanie\Downloads\Graphics Project\Release\numbersGame.exe
     1>Done Building Project "C:\Users\Hanie\Downloads\Graphics Project\numbersGame\numbersGame.vcxproj" (Build target(s)).

Build succeeded.

Time Elapsed 00:00:01.94
